<?xml version="1.0" encoding="UTF-8"?>
<!-- Generated by org.testng.reporters.JUnitReportReporter -->
<testsuite hostname="LAPTOP-OJJIDCQE" failures="0" tests="3" name="TestNG.TestNGBasic" time="0.012" errors="0" timestamp="2022-07-24T20:54:32 IST" skipped="0">
  <testcase classname="TestNG.TestNGBasic" name="cserPageTest" time="0.007"/>
  <system-out/>
  <testcase classname="TestNG.TestNGBasic" name="searchTest" time="0.003"/>
  <system-out/>
  <testcase classname="TestNG.TestNGBasic" name="homePageTest" time="0.002"/>
  <system-out/>
</testsuite> <!-- TestNG.TestNGBasic -->
