<?xml version="1.0" encoding="UTF-8"?>
<!-- Generated by org.testng.reporters.JUnitReportReporter -->
<testsuite hostname="LAPTOP-OJJIDCQE" failures="0" tests="3" name="TestClasses.OpenCartTest" time="2.407" errors="0" timestamp="2022-07-27T22:30:28 IST" skipped="0">
  <testcase classname="TestClasses.OpenCartTest" name="logoTest" time="0.041"/>
  <system-out/>
  <testcase classname="TestClasses.OpenCartTest" name="passwordLinkTest" time="0.052"/>
  <system-out/>
  <testcase classname="TestClasses.OpenCartTest" name="loginTest" time="2.314"/>
  <system-out/>
</testsuite> <!-- TestClasses.OpenCartTest -->
