<?xml version="1.0" encoding="UTF-8"?>
<!-- Generated by org.testng.reporters.JUnitReportReporter -->
<testsuite hostname="LAPTOP-OJJIDCQE" failures="0" tests="2" name="TestClasses.GooleTest" time="0.141" errors="0" timestamp="2022-07-27T22:30:28 IST" skipped="0">
  <testcase classname="TestClasses.GooleTest" name="titleTest" time="0.027"/>
  <system-out/>
  <testcase classname="TestClasses.GooleTest" name="serachTest" time="0.114"/>
  <system-out/>
</testsuite> <!-- TestClasses.GooleTest -->
