<?xml version="1.0" encoding="UTF-8"?>
<!-- Generated by org.testng.reporters.JUnitReportReporter -->
<testsuite hostname="LAPTOP-OJJIDCQE" failures="0" tests="1" name="TestNG.LoginPageTest" time="0.412" errors="0" timestamp="2022-07-24T21:51:49 IST" skipped="0">
  <testcase classname="TestNG.LoginPageTest" name="loginTest" time="0.412"/>
  <system-out/>
</testsuite> <!-- TestNG.LoginPageTest -->
