<?xml version="1.0" encoding="UTF-8"?>
<!-- Generated by org.testng.reporters.JUnitReportReporter -->
<testsuite hostname="LAPTOP-OJJIDCQE" failures="0" tests="2" name="TestClasses.GooleTest" time="0.001" errors="0" timestamp="2022-08-15T21:58:01 IST" skipped="2">
  <testcase classname="TestClasses.GooleTest" name="titleTest" time="0.001">
    <skipped/>
  </testcase> <!-- titleTest -->
  <system-out/>
  <testcase classname="TestClasses.GooleTest" name="serachTest" time="0.000">
    <skipped/>
  </testcase> <!-- serachTest -->
  <system-out/>
</testsuite> <!-- TestClasses.GooleTest -->
