<?xml version="1.0" encoding="UTF-8"?>
<!-- Generated by org.testng.reporters.JUnitReportReporter -->
<testsuite hostname="LAPTOP-OJJIDCQE" failures="0" tests="3" name="TestClasses.OpenCartTest" time="0.000" errors="0" timestamp="2022-08-15T21:58:01 IST" skipped="3">
  <testcase classname="TestClasses.OpenCartTest" name="passwordLinkTest" time="0.000">
    <skipped/>
  </testcase> <!-- passwordLinkTest -->
  <system-out/>
  <testcase classname="TestClasses.OpenCartTest" name="logoTest" time="0.000">
    <skipped/>
  </testcase> <!-- logoTest -->
  <system-out/>
  <testcase classname="TestClasses.OpenCartTest" name="loginTest" time="0.000">
    <skipped/>
  </testcase> <!-- loginTest -->
  <system-out/>
</testsuite> <!-- TestClasses.OpenCartTest -->
