<?xml version="1.0" encoding="UTF-8"?>
<!-- Generated by org.testng.reporters.JUnitReportReporter -->
<testsuite hostname="LAPTOP-OJJIDCQE" failures="0" tests="3" name="TestNG.TestNGBasic" time="0.001" errors="0" timestamp="2022-08-15T21:58:01 IST" skipped="3">
  <testcase classname="TestNG.TestNGBasic" name="searchTest" time="0.001">
    <skipped/>
  </testcase> <!-- searchTest -->
  <system-out/>
  <testcase classname="TestNG.TestNGBasic" name="cserPageTest" time="0.000">
    <skipped/>
  </testcase> <!-- cserPageTest -->
  <system-out/>
  <testcase classname="TestNG.TestNGBasic" name="homePageTest" time="0.000">
    <skipped/>
  </testcase> <!-- homePageTest -->
  <system-out/>
</testsuite> <!-- TestNG.TestNGBasic -->
